<?xml version="1.0" encoding="UTF-8"?>
<!-- Generated by org.testng.reporters.JUnitReportReporter -->
<testsuite hostname="AKOMOS" failures="0" tests="1" name="ilkbeySirketi.ErrorValidations" time="5.751" errors="0" timestamp="2024-03-12T18:27:19 TRT" skipped="0">
  <testcase classname="ilkbeySirketi.ErrorValidations" name="sumbitOrder" time="5.751"/>
</testsuite> <!-- ilkbeySirketi.ErrorValidations -->
