<?xml version="1.0" encoding="UTF-8"?>
<!-- Generated by org.testng.reporters.JUnitReportReporter -->
<testsuite hostname="AKOMOS" failures="0" tests="2" name="ilkbeySirketi.ErrorValidationsTest" time="15.654" errors="0" timestamp="2024-03-18T16:56:57 TRT" skipped="0">
  <testcase classname="ilkbeySirketi.ErrorValidationsTest" name="LoginErrorValidation" time="4.877"/>
  <testcase classname="ilkbeySirketi.ErrorValidationsTest" name="ProductErrorValidation" time="10.777"/>
</testsuite> <!-- ilkbeySirketi.ErrorValidationsTest -->
