<?xml version="1.0" encoding="UTF-8"?>
<!-- Generated by org.testng.reporters.JUnitReportReporter -->
<testsuite hostname="AKOMOS" failures="0" tests="2" name="ilkbeySirketi.ErrorValidationsTest" time="15.165" errors="0" timestamp="2024-03-22T03:21:49 TRT" skipped="0">
  <testcase classname="ilkbeySirketi.ErrorValidationsTest" name="LoginErrorValidation" time="4.308"/>
  <testcase classname="ilkbeySirketi.ErrorValidationsTest" name="ProductErrorValidation" time="10.857"/>
</testsuite> <!-- ilkbeySirketi.ErrorValidationsTest -->
